2021-09-05 16:49:37.720  INFO 10032 --- [main] c.c.prehistoric.PrehistoricApplication   : Starting PrehistoricApplication on DESKTOP-TPAV262 with PID 10032 (G:\git\prehistoric\out\production\classes started by Administrator in G:\git\prehistoric)
2021-09-05 16:49:37.722  INFO 10032 --- [main] c.c.prehistoric.PrehistoricApplication   : The following profiles are active: dev,db-dev
2021-09-05 16:49:38.335  INFO 10032 --- [main] .s.d.r.c.RepositoryConfigurationDelegate : Multiple Spring Data modules found, entering strict repository configuration mode!
2021-09-05 16:49:38.337  INFO 10032 --- [main] .s.d.r.c.RepositoryConfigurationDelegate : Bootstrapping Spring Data Redis repositories in DEFAULT mode.
2021-09-05 16:49:38.356  INFO 10032 --- [main] .s.d.r.c.RepositoryConfigurationDelegate : Finished Spring Data repository scanning in 9ms. Found 0 Redis repository interfaces.
2021-09-05 16:49:38.467  WARN 10032 --- [main] o.m.s.mapper.ClassPathMapperScanner      : No MyBatis mapper was found in '[com.casualclub.prehistoric.dao]' package. Please check your configuration.
2021-09-05 16:49:38.767  INFO 10032 --- [main] o.s.b.w.embedded.tomcat.TomcatWebServer  : Tomcat initialized with port(s): 9900 (http)
2021-09-05 16:49:38.773  INFO 10032 --- [main] o.apache.catalina.core.StandardService   : Starting service [Tomcat]
2021-09-05 16:49:38.774  INFO 10032 --- [main] org.apache.catalina.core.StandardEngine  : Starting Servlet engine: [Apache Tomcat/9.0.41]
2021-09-05 16:49:38.862  INFO 10032 --- [main] o.a.c.c.C.[Tomcat].[localhost].[/]       : Initializing Spring embedded WebApplicationContext
2021-09-05 16:49:38.862  INFO 10032 --- [main] w.s.c.ServletWebServerApplicationContext : Root WebApplicationContext: initialization completed in 1108 ms
2021-09-05 16:49:39.351  INFO 10032 --- [main] pertySourcedRequestMappingHandlerMapping : Mapped URL path [/v2/api-docs] onto method [springfox.documentation.swagger2.web.Swagger2Controller#getDocumentation(String, HttpServletRequest)]
2021-09-05 16:49:39.424  INFO 10032 --- [main] o.s.s.concurrent.ThreadPoolTaskExecutor  : Initializing ExecutorService 'applicationTaskExecutor'
2021-09-05 16:49:40.025  INFO 10032 --- [main] .s.s.UserDetailsServiceAutoConfiguration : 

Using generated security password: 309e72d4-61ca-4ea1-8dfc-6b03e72a4fbb

2021-09-05 16:49:40.088  INFO 10032 --- [main] o.s.s.web.DefaultSecurityFilterChain     : Creating filter chain: any request, [org.springframework.security.web.context.request.async.WebAsyncManagerIntegrationFilter@1e5b33e5, org.springframework.security.web.context.SecurityContextPersistenceFilter@38e7860c, org.springframework.security.web.header.HeaderWriterFilter@78e043e4, org.springframework.security.web.csrf.CsrfFilter@e91facf, org.springframework.security.web.authentication.logout.LogoutFilter@70ee1963, org.springframework.security.web.authentication.UsernamePasswordAuthenticationFilter@3ca278bc, org.springframework.security.web.authentication.ui.DefaultLoginPageGeneratingFilter@32c0fecc, org.springframework.security.web.authentication.ui.DefaultLogoutPageGeneratingFilter@654b899f, org.springframework.security.web.authentication.www.BasicAuthenticationFilter@7c69e1e1, org.springframework.security.web.savedrequest.RequestCacheAwareFilter@40738846, org.springframework.security.web.servletapi.SecurityContextHolderAwareRequestFilter@51141f64, org.springframework.security.web.authentication.AnonymousAuthenticationFilter@71468613, org.springframework.security.web.session.SessionManagementFilter@738a39cc, org.springframework.security.web.access.ExceptionTranslationFilter@71262020, org.springframework.security.web.access.intercept.FilterSecurityInterceptor@31f5b923]
2021-09-05 16:49:40.179  INFO 10032 --- [main] io.lettuce.core.EpollProvider            : Starting without optional epoll library
2021-09-05 16:49:40.181  WARN 10032 --- [Finalizer] i.l.c.resource.DefaultClientResources    : io.lettuce.core.resource.DefaultClientResources was not shut down properly, shutdown() was not called before it's garbage-collected. Call shutdown() or shutdown(long,long,TimeUnit) 
2021-09-05 16:49:40.183  INFO 10032 --- [main] io.lettuce.core.KqueueProvider           : Starting without optional kqueue library
2021-09-05 16:49:40.691  INFO 10032 --- [main] d.s.w.p.DocumentationPluginsBootstrapper : Context refreshed
2021-09-05 16:49:40.703  INFO 10032 --- [main] d.s.w.p.DocumentationPluginsBootstrapper : Found 1 custom documentation plugin(s)
2021-09-05 16:49:40.723  INFO 10032 --- [main] s.d.s.w.s.ApiListingReferenceScanner     : Scanning for api listing references
2021-09-05 16:49:41.271  INFO 10032 --- [main] s.a.ScheduledAnnotationBeanPostProcessor : No TaskScheduler/ScheduledExecutorService bean found for scheduled processing
2021-09-05 16:49:41.291  INFO 10032 --- [main] o.s.b.w.embedded.tomcat.TomcatWebServer  : Tomcat started on port(s): 9900 (http) with context path ''
2021-09-05 16:49:41.293  INFO 10032 --- [main] c.c.prehistoric.PrehistoricApplication   : Started PrehistoricApplication in 3.981 seconds (JVM running for 4.765)
